Build started 1/12/2014 12:27:29 AM.
     1>Project "M:\Tony\Study\GitHub\practice\C\leetcode\wordladder\wordladder.vcxproj" on node 2 (build target(s)).
     1>InitializeBuildStatus:
         Creating "Debug\wordladder.unsuccessfulbuild" because "AlwaysCreate" was specified.
       ClCompile:
         C:\Program Files (x86)\Microsoft Visual Studio 10.0\VC\bin\CL.exe /c /ZI /nologo /W3 /WX- /Od /Oy- /D WIN32 /D _DEBUG /D _CONSOLE /D _UNICODE /D UNICODE /Gm /EHsc /RTC1 /MDd /GS /fp:precise /Zc:wchar_t /Zc:forScope /Fo"Debug\\" /Fd"Debug\vc100.pdb" /Gd /TP /analyze- /errorReport:prompt main.cpp
         main.cpp
     1>m:\tony\study\github\practice\c\leetcode\wordladder\main.cpp(90): warning C4018: '<' : signed/unsigned mismatch
       ManifestResourceCompile:
         All outputs are up-to-date.
       Link:
         C:\Program Files (x86)\Microsoft Visual Studio 10.0\VC\bin\link.exe /ERRORREPORT:PROMPT /OUT:"M:\Tony\Study\GitHub\practice\C\leetcode\wordladder\Debug\wordladder.exe" /INCREMENTAL /NOLOGO kernel32.lib user32.lib gdi32.lib winspool.lib comdlg32.lib advapi32.lib shell32.lib ole32.lib oleaut32.lib uuid.lib odbc32.lib odbccp32.lib /MANIFEST /ManifestFile:"Debug\wordladder.exe.intermediate.manifest" /MANIFESTUAC:"level='asInvoker' uiAccess='false'" /DEBUG /PDB:"M:\Tony\Study\GitHub\practice\C\leetcode\wordladder\Debug\wordladder.pdb" /SUBSYSTEM:CONSOLE /TLBID:1 /DYNAMICBASE /NXCOMPAT /IMPLIB:"M:\Tony\Study\GitHub\practice\C\leetcode\wordladder\Debug\wordladder.lib" /MACHINE:X86 Debug\wordladder.exe.embed.manifest.res
         Debug\main.obj
       Manifest:
         C:\Program Files (x86)\Microsoft SDKs\Windows\v7.0A\bin\mt.exe /nologo /verbose /out:"Debug\wordladder.exe.embed.manifest" /manifest Debug\wordladder.exe.intermediate.manifest
         All outputs are up-to-date.
       LinkEmbedManifest:
         All outputs are up-to-date.
         wordladder.vcxproj -> M:\Tony\Study\GitHub\practice\C\leetcode\wordladder\Debug\wordladder.exe
       FinalizeBuildStatus:
         Deleting file "Debug\wordladder.unsuccessfulbuild".
         Touching "Debug\wordladder.lastbuildstate".
     1>Done Building Project "M:\Tony\Study\GitHub\practice\C\leetcode\wordladder\wordladder.vcxproj" (build target(s)).

Build succeeded.

Time Elapsed 00:00:02.42
