Build started 1/16/2014 11:00:25 PM.
     1>Project "M:\Tony\Study\GitHub\practice\C\leetcode\All\All.vcxproj" on node 2 (build target(s)).
     1>InitializeBuildStatus:
         Creating "Debug\All.unsuccessfulbuild" because "AlwaysCreate" was specified.
       ClCompile:
         C:\Program Files (x86)\Microsoft Visual Studio 10.0\VC\bin\CL.exe /c /ZI /nologo /W3 /WX- /Od /Oy- /D WIN32 /D _DEBUG /D _CONSOLE /D _UNICODE /D UNICODE /Gm /EHsc /RTC1 /MDd /GS /fp:precise /Zc:wchar_t /Zc:forScope /Fo"Debug\\" /Fd"Debug\vc100.pdb" /Gd /TP /analyze- /errorReport:prompt main.cpp
         main.cpp
     1>m:\tony\study\github\practice\c\leetcode\all\main.cpp(6): warning C4101: 'a' : unreferenced local variable
     1>m:\tony\study\github\practice\c\leetcode\all\main.cpp(7): warning C4101: 'b' : unreferenced local variable
       ManifestResourceCompile:
         All outputs are up-to-date.
       Link:
         C:\Program Files (x86)\Microsoft Visual Studio 10.0\VC\bin\link.exe /ERRORREPORT:PROMPT /OUT:"M:\Tony\Study\GitHub\practice\C\leetcode\All\Debug\All.exe" /INCREMENTAL /NOLOGO kernel32.lib user32.lib gdi32.lib winspool.lib comdlg32.lib advapi32.lib shell32.lib ole32.lib oleaut32.lib uuid.lib odbc32.lib odbccp32.lib /MANIFEST /ManifestFile:"Debug\All.exe.intermediate.manifest" /MANIFESTUAC:"level='asInvoker' uiAccess='false'" /DEBUG /PDB:"M:\Tony\Study\GitHub\practice\C\leetcode\All\Debug\All.pdb" /SUBSYSTEM:CONSOLE /TLBID:1 /DYNAMICBASE /NXCOMPAT /IMPLIB:"M:\Tony\Study\GitHub\practice\C\leetcode\All\Debug\All.lib" /MACHINE:X86 Debug\All.exe.embed.manifest.res
         Debug\main.obj
         Debug\ValidateBinarySearchTree.obj
       Manifest:
         C:\Program Files (x86)\Microsoft SDKs\Windows\v7.0A\bin\mt.exe /nologo /verbose /out:"Debug\All.exe.embed.manifest" /manifest Debug\All.exe.intermediate.manifest
         All outputs are up-to-date.
       LinkEmbedManifest:
         All outputs are up-to-date.
         All.vcxproj -> M:\Tony\Study\GitHub\practice\C\leetcode\All\Debug\All.exe
       FinalizeBuildStatus:
         Deleting file "Debug\All.unsuccessfulbuild".
         Touching "Debug\All.lastbuildstate".
     1>Done Building Project "M:\Tony\Study\GitHub\practice\C\leetcode\All\All.vcxproj" (build target(s)).

Build succeeded.

Time Elapsed 00:00:00.71
