Build started 5/2/2013 9:47:41 PM.
     1>Project "D:\Doc\GitHub\practice\C\reverselist\reverselist.vcxproj" on node 2 (build target(s)).
     1>InitializeBuildStatus:
         Creating "Debug\reverselist.unsuccessfulbuild" because "AlwaysCreate" was specified.
       ClCompile:
         C:\Program Files (x86)\Microsoft Visual Studio 10.0\VC\bin\CL.exe /c /ZI /nologo /W3 /WX- /Od /Oy- /D WIN32 /D _DEBUG /D _CONSOLE /D _UNICODE /D UNICODE /Gm /EHsc /RTC1 /MDd /GS /fp:precise /Zc:wchar_t /Zc:forScope /Yc"StdAfx.h" /Fp"Debug\reverselist.pch" /Fo"Debug\\" /Fd"Debug\vc100.pdb" /Gd /TP /analyze- /errorReport:prompt stdafx.cpp
         stdafx.cpp
         C:\Program Files (x86)\Microsoft Visual Studio 10.0\VC\bin\CL.exe /c /ZI /nologo /W3 /WX- /Od /Oy- /D WIN32 /D _DEBUG /D _CONSOLE /D _UNICODE /D UNICODE /Gm /EHsc /RTC1 /MDd /GS /fp:precise /Zc:wchar_t /Zc:forScope /Yu"StdAfx.h" /Fp"Debug\reverselist.pch" /Fo"Debug\\" /Fd"Debug\vc100.pdb" /Gd /TP /analyze- /errorReport:prompt reverselist.cpp
         reverselist.cpp
       ManifestResourceCompile:
         C:\Program Files (x86)\Microsoft SDKs\Windows\v7.0A\bin\rc.exe /nologo /fo"Debug\reverselist.exe.embed.manifest.res" Debug\reverselist_manifest.rc 
       Link:
         C:\Program Files (x86)\Microsoft Visual Studio 10.0\VC\bin\link.exe /ERRORREPORT:PROMPT /OUT:"D:\Doc\GitHub\practice\C\reverselist\Debug\reverselist.exe" /INCREMENTAL /NOLOGO kernel32.lib user32.lib gdi32.lib winspool.lib comdlg32.lib advapi32.lib shell32.lib ole32.lib oleaut32.lib uuid.lib odbc32.lib odbccp32.lib /MANIFEST /ManifestFile:"Debug\reverselist.exe.intermediate.manifest" /MANIFESTUAC:"level='asInvoker' uiAccess='false'" /DEBUG /PDB:"D:\Doc\GitHub\practice\C\reverselist\Debug\reverselist.pdb" /SUBSYSTEM:CONSOLE /TLBID:1 /DYNAMICBASE /NXCOMPAT /IMPLIB:"D:\Doc\GitHub\practice\C\reverselist\Debug\reverselist.lib" /MACHINE:X86 Debug\reverselist.exe.embed.manifest.res
         Debug\reverselist.obj
         Debug\stdafx.obj
       Manifest:
         C:\Program Files (x86)\Microsoft SDKs\Windows\v7.0A\bin\mt.exe /nologo /verbose /out:"Debug\reverselist.exe.embed.manifest" /manifest Debug\reverselist.exe.intermediate.manifest
         C:\Program Files (x86)\Microsoft SDKs\Windows\v7.0A\bin\rc.exe /nologo /fo"Debug\reverselist.exe.embed.manifest.res" Debug\reverselist_manifest.rc 
       LinkEmbedManifest:
         C:\Program Files (x86)\Microsoft Visual Studio 10.0\VC\bin\link.exe /ERRORREPORT:PROMPT /OUT:"D:\Doc\GitHub\practice\C\reverselist\Debug\reverselist.exe" /INCREMENTAL /NOLOGO kernel32.lib user32.lib gdi32.lib winspool.lib comdlg32.lib advapi32.lib shell32.lib ole32.lib oleaut32.lib uuid.lib odbc32.lib odbccp32.lib /MANIFEST /ManifestFile:"Debug\reverselist.exe.intermediate.manifest" /MANIFESTUAC:"level='asInvoker' uiAccess='false'" /DEBUG /PDB:"D:\Doc\GitHub\practice\C\reverselist\Debug\reverselist.pdb" /SUBSYSTEM:CONSOLE /TLBID:1 /DYNAMICBASE /NXCOMPAT /IMPLIB:"D:\Doc\GitHub\practice\C\reverselist\Debug\reverselist.lib" /MACHINE:X86 Debug\reverselist.exe.embed.manifest.res
         Debug\reverselist.obj
         Debug\stdafx.obj
         reverselist.vcxproj -> D:\Doc\GitHub\practice\C\reverselist\Debug\reverselist.exe
       FinalizeBuildStatus:
         Deleting file "Debug\reverselist.unsuccessfulbuild".
         Touching "Debug\reverselist.lastbuildstate".
     1>Done Building Project "D:\Doc\GitHub\practice\C\reverselist\reverselist.vcxproj" (build target(s)).

Build succeeded.

Time Elapsed 00:00:03.37
